Determining if the pthread_create exist failed with the following output:
Change Dir: /home/student/Documents/ros_project_bebop/catkin_ws/build/spacenav_node/CMakeFiles/CMakeTmp

Run Build Command:"/usr/bin/make" "cmTC_ed54b/fast"
/usr/bin/make -f CMakeFiles/cmTC_ed54b.dir/build.make CMakeFiles/cmTC_ed54b.dir/build
make[1] : on entre dans le répertoire « /home/student/Documents/ros_project_bebop/catkin_ws/build/spacenav_node/CMakeFiles/CMakeTmp »
Building C object CMakeFiles/cmTC_ed54b.dir/CheckSymbolExists.c.o
/usr/bin/cc     -o CMakeFiles/cmTC_ed54b.dir/CheckSymbolExists.c.o   -c /home/student/Documents/ros_project_bebop/catkin_ws/build/spacenav_node/CMakeFiles/CMakeTmp/CheckSymbolExists.c
Linking C executable cmTC_ed54b
/usr/bin/cmake -E cmake_link_script CMakeFiles/cmTC_ed54b.dir/link.txt --verbose=1
/usr/bin/cc       CMakeFiles/cmTC_ed54b.dir/CheckSymbolExists.c.o  -o cmTC_ed54b -rdynamic 
CMakeFiles/cmTC_ed54b.dir/CheckSymbolExists.c.o : Dans la fonction « main » :
CheckSymbolExists.c:(.text+0x16) : référence indéfinie vers « pthread_create »
collect2: error: ld returned 1 exit status
CMakeFiles/cmTC_ed54b.dir/build.make:97 : la recette pour la cible « cmTC_ed54b » a échouée
make[1]: *** [cmTC_ed54b] Erreur 1
make[1] : on quitte le répertoire « /home/student/Documents/ros_project_bebop/catkin_ws/build/spacenav_node/CMakeFiles/CMakeTmp »
Makefile:126 : la recette pour la cible « cmTC_ed54b/fast » a échouée
make: *** [cmTC_ed54b/fast] Erreur 2

File /home/student/Documents/ros_project_bebop/catkin_ws/build/spacenav_node/CMakeFiles/CMakeTmp/CheckSymbolExists.c:
/* */
#include <pthread.h>

int main(int argc, char** argv)
{
  (void)argv;
#ifndef pthread_create
  return ((int*)(&pthread_create))[argc];
#else
  (void)argc;
  return 0;
#endif
}

Determining if the function pthread_create exists in the pthreads failed with the following output:
Change Dir: /home/student/Documents/ros_project_bebop/catkin_ws/build/spacenav_node/CMakeFiles/CMakeTmp

Run Build Command:"/usr/bin/make" "cmTC_1a232/fast"
/usr/bin/make -f CMakeFiles/cmTC_1a232.dir/build.make CMakeFiles/cmTC_1a232.dir/build
make[1] : on entre dans le répertoire « /home/student/Documents/ros_project_bebop/catkin_ws/build/spacenav_node/CMakeFiles/CMakeTmp »
Building C object CMakeFiles/cmTC_1a232.dir/CheckFunctionExists.c.o
/usr/bin/cc    -DCHECK_FUNCTION_EXISTS=pthread_create   -o CMakeFiles/cmTC_1a232.dir/CheckFunctionExists.c.o   -c /usr/share/cmake-3.5/Modules/CheckFunctionExists.c
Linking C executable cmTC_1a232
/usr/bin/cmake -E cmake_link_script CMakeFiles/cmTC_1a232.dir/link.txt --verbose=1
/usr/bin/cc   -DCHECK_FUNCTION_EXISTS=pthread_create    CMakeFiles/cmTC_1a232.dir/CheckFunctionExists.c.o  -o cmTC_1a232 -rdynamic -lpthreads 
/usr/bin/ld : ne peut trouver -lpthreads
collect2: error: ld returned 1 exit status
CMakeFiles/cmTC_1a232.dir/build.make:97 : la recette pour la cible « cmTC_1a232 » a échouée
make[1]: *** [cmTC_1a232] Erreur 1
make[1] : on quitte le répertoire « /home/student/Documents/ros_project_bebop/catkin_ws/build/spacenav_node/CMakeFiles/CMakeTmp »
Makefile:126 : la recette pour la cible « cmTC_1a232/fast » a échouée
make: *** [cmTC_1a232/fast] Erreur 2


