Determining if the pthread_create exist failed with the following output:
Change Dir: /home/student/ros_project_bebop/catkin_ws/build/bebop_tools/CMakeFiles/CMakeTmp

Run Build Command:"/usr/bin/make" "cmTC_19b32/fast"
/usr/bin/make -f CMakeFiles/cmTC_19b32.dir/build.make CMakeFiles/cmTC_19b32.dir/build
make[1] : on entre dans le répertoire « /home/student/ros_project_bebop/catkin_ws/build/bebop_tools/CMakeFiles/CMakeTmp »
Building C object CMakeFiles/cmTC_19b32.dir/CheckSymbolExists.c.o
/usr/bin/cc     -o CMakeFiles/cmTC_19b32.dir/CheckSymbolExists.c.o   -c /home/student/ros_project_bebop/catkin_ws/build/bebop_tools/CMakeFiles/CMakeTmp/CheckSymbolExists.c
Linking C executable cmTC_19b32
/usr/bin/cmake -E cmake_link_script CMakeFiles/cmTC_19b32.dir/link.txt --verbose=1
/usr/bin/cc       CMakeFiles/cmTC_19b32.dir/CheckSymbolExists.c.o  -o cmTC_19b32 -rdynamic 
CMakeFiles/cmTC_19b32.dir/CheckSymbolExists.c.o : Dans la fonction « main » :
CheckSymbolExists.c:(.text+0x16) : référence indéfinie vers « pthread_create »
collect2: error: ld returned 1 exit status
CMakeFiles/cmTC_19b32.dir/build.make:97 : la recette pour la cible « cmTC_19b32 » a échouée
make[1]: *** [cmTC_19b32] Erreur 1
make[1] : on quitte le répertoire « /home/student/ros_project_bebop/catkin_ws/build/bebop_tools/CMakeFiles/CMakeTmp »
Makefile:126 : la recette pour la cible « cmTC_19b32/fast » a échouée
make: *** [cmTC_19b32/fast] Erreur 2

File /home/student/ros_project_bebop/catkin_ws/build/bebop_tools/CMakeFiles/CMakeTmp/CheckSymbolExists.c:
/* */
#include <pthread.h>

int main(int argc, char** argv)
{
  (void)argv;
#ifndef pthread_create
  return ((int*)(&pthread_create))[argc];
#else
  (void)argc;
  return 0;
#endif
}

Determining if the function pthread_create exists in the pthreads failed with the following output:
Change Dir: /home/student/ros_project_bebop/catkin_ws/build/bebop_tools/CMakeFiles/CMakeTmp

Run Build Command:"/usr/bin/make" "cmTC_5426c/fast"
/usr/bin/make -f CMakeFiles/cmTC_5426c.dir/build.make CMakeFiles/cmTC_5426c.dir/build
make[1] : on entre dans le répertoire « /home/student/ros_project_bebop/catkin_ws/build/bebop_tools/CMakeFiles/CMakeTmp »
Building C object CMakeFiles/cmTC_5426c.dir/CheckFunctionExists.c.o
/usr/bin/cc    -DCHECK_FUNCTION_EXISTS=pthread_create   -o CMakeFiles/cmTC_5426c.dir/CheckFunctionExists.c.o   -c /usr/share/cmake-3.5/Modules/CheckFunctionExists.c
Linking C executable cmTC_5426c
/usr/bin/cmake -E cmake_link_script CMakeFiles/cmTC_5426c.dir/link.txt --verbose=1
/usr/bin/cc   -DCHECK_FUNCTION_EXISTS=pthread_create    CMakeFiles/cmTC_5426c.dir/CheckFunctionExists.c.o  -o cmTC_5426c -rdynamic -lpthreads 
/usr/bin/ld : ne peut trouver -lpthreads
collect2: error: ld returned 1 exit status
CMakeFiles/cmTC_5426c.dir/build.make:97 : la recette pour la cible « cmTC_5426c » a échouée
make[1]: *** [cmTC_5426c] Erreur 1
make[1] : on quitte le répertoire « /home/student/ros_project_bebop/catkin_ws/build/bebop_tools/CMakeFiles/CMakeTmp »
Makefile:126 : la recette pour la cible « cmTC_5426c/fast » a échouée
make: *** [cmTC_5426c/fast] Erreur 2


