Symlinking /home/student/ros_project_bebop/catkin_ws/devel/include/planning_msgs/PlannerService.h
Symlinking /home/student/ros_project_bebop/catkin_ws/devel/include/planning_msgs/PolygonWithHolesStamped.h
Symlinking /home/student/ros_project_bebop/catkin_ws/devel/include/planning_msgs/PolygonServiceRequest.h
Symlinking /home/student/ros_project_bebop/catkin_ws/devel/include/planning_msgs/Point2D.h
Symlinking /home/student/ros_project_bebop/catkin_ws/devel/include/planning_msgs/PointCloudWithPose.h
Symlinking /home/student/ros_project_bebop/catkin_ws/devel/include/planning_msgs/PolynomialTrajectory4D.h
Symlinking /home/student/ros_project_bebop/catkin_ws/devel/include/planning_msgs/PolygonService.h
Symlinking /home/student/ros_project_bebop/catkin_ws/devel/include/planning_msgs/PolygonServiceResponse.h
Symlinking /home/student/ros_project_bebop/catkin_ws/devel/include/planning_msgs/PlannerServiceRequest.h
Symlinking /home/student/ros_project_bebop/catkin_ws/devel/include/planning_msgs/PolygonWithHoles.h
Symlinking /home/student/ros_project_bebop/catkin_ws/devel/include/planning_msgs/Polygon2D.h
Symlinking /home/student/ros_project_bebop/catkin_ws/devel/include/planning_msgs/PolynomialSegment4D.h
Symlinking /home/student/ros_project_bebop/catkin_ws/devel/include/planning_msgs/PlannerServiceResponse.h
Symlinking /home/student/ros_project_bebop/catkin_ws/devel/share/roseus/ros/planning_msgs/manifest.l
Symlinking /home/student/ros_project_bebop/catkin_ws/devel/share/roseus/ros/planning_msgs/srv/PolygonService.l
Symlinking /home/student/ros_project_bebop/catkin_ws/devel/share/roseus/ros/planning_msgs/srv/PlannerService.l
Symlinking /home/student/ros_project_bebop/catkin_ws/devel/share/roseus/ros/planning_msgs/msg/PolygonWithHolesStamped.l
Symlinking /home/student/ros_project_bebop/catkin_ws/devel/share/roseus/ros/planning_msgs/msg/PolynomialSegment4D.l
Symlinking /home/student/ros_project_bebop/catkin_ws/devel/share/roseus/ros/planning_msgs/msg/PolygonWithHoles.l
Symlinking /home/student/ros_project_bebop/catkin_ws/devel/share/roseus/ros/planning_msgs/msg/PolynomialTrajectory4D.l
Symlinking /home/student/ros_project_bebop/catkin_ws/devel/share/roseus/ros/planning_msgs/msg/PointCloudWithPose.l
Symlinking /home/student/ros_project_bebop/catkin_ws/devel/share/roseus/ros/planning_msgs/msg/Point2D.l
Symlinking /home/student/ros_project_bebop/catkin_ws/devel/share/roseus/ros/planning_msgs/msg/Polygon2D.l
Symlinking /home/student/ros_project_bebop/catkin_ws/devel/share/common-lisp/ros/planning_msgs/srv/planning_msgs-srv.asd
Symlinking /home/student/ros_project_bebop/catkin_ws/devel/share/common-lisp/ros/planning_msgs/srv/_package_PolygonService.lisp
Symlinking /home/student/ros_project_bebop/catkin_ws/devel/share/common-lisp/ros/planning_msgs/srv/_package_PlannerService.lisp
Symlinking /home/student/ros_project_bebop/catkin_ws/devel/share/common-lisp/ros/planning_msgs/srv/_package.lisp
Symlinking /home/student/ros_project_bebop/catkin_ws/devel/share/common-lisp/ros/planning_msgs/srv/PolygonService.lisp
Symlinking /home/student/ros_project_bebop/catkin_ws/devel/share/common-lisp/ros/planning_msgs/srv/PlannerService.lisp
Symlinking /home/student/ros_project_bebop/catkin_ws/devel/share/common-lisp/ros/planning_msgs/msg/PolynomialTrajectory4D.lisp
Symlinking /home/student/ros_project_bebop/catkin_ws/devel/share/common-lisp/ros/planning_msgs/msg/_package_Polygon2D.lisp
Symlinking /home/student/ros_project_bebop/catkin_ws/devel/share/common-lisp/ros/planning_msgs/msg/Point2D.lisp
Symlinking /home/student/ros_project_bebop/catkin_ws/devel/share/common-lisp/ros/planning_msgs/msg/_package_Point2D.lisp
Symlinking /home/student/ros_project_bebop/catkin_ws/devel/share/common-lisp/ros/planning_msgs/msg/PolygonWithHolesStamped.lisp
Symlinking /home/student/ros_project_bebop/catkin_ws/devel/share/common-lisp/ros/planning_msgs/msg/_package_PolynomialTrajectory4D.lisp
Symlinking /home/student/ros_project_bebop/catkin_ws/devel/share/common-lisp/ros/planning_msgs/msg/_package_PolygonWithHolesStamped.lisp
Symlinking /home/student/ros_project_bebop/catkin_ws/devel/share/common-lisp/ros/planning_msgs/msg/_package.lisp
Symlinking /home/student/ros_project_bebop/catkin_ws/devel/share/common-lisp/ros/planning_msgs/msg/_package_PointCloudWithPose.lisp
Symlinking /home/student/ros_project_bebop/catkin_ws/devel/share/common-lisp/ros/planning_msgs/msg/PointCloudWithPose.lisp
Symlinking /home/student/ros_project_bebop/catkin_ws/devel/share/common-lisp/ros/planning_msgs/msg/PolynomialSegment4D.lisp
Symlinking /home/student/ros_project_bebop/catkin_ws/devel/share/common-lisp/ros/planning_msgs/msg/planning_msgs-msg.asd
Symlinking /home/student/ros_project_bebop/catkin_ws/devel/share/common-lisp/ros/planning_msgs/msg/_package_PolygonWithHoles.lisp
Symlinking /home/student/ros_project_bebop/catkin_ws/devel/share/common-lisp/ros/planning_msgs/msg/_package_PolynomialSegment4D.lisp
Symlinking /home/student/ros_project_bebop/catkin_ws/devel/share/common-lisp/ros/planning_msgs/msg/Polygon2D.lisp
Symlinking /home/student/ros_project_bebop/catkin_ws/devel/share/common-lisp/ros/planning_msgs/msg/PolygonWithHoles.lisp
Symlinking /home/student/ros_project_bebop/catkin_ws/devel/share/planning_msgs/cmake/planning_msgsConfig.cmake
Symlinking /home/student/ros_project_bebop/catkin_ws/devel/share/planning_msgs/cmake/planning_msgs-msg-extras.cmake
Symlinking /home/student/ros_project_bebop/catkin_ws/devel/share/planning_msgs/cmake/planning_msgs-msg-paths.cmake
Symlinking /home/student/ros_project_bebop/catkin_ws/devel/share/planning_msgs/cmake/planning_msgsConfig-version.cmake
Symlinking /home/student/ros_project_bebop/catkin_ws/devel/share/gennodejs/ros/planning_msgs/_index.js
Symlinking /home/student/ros_project_bebop/catkin_ws/devel/share/gennodejs/ros/planning_msgs/srv/PolygonService.js
Symlinking /home/student/ros_project_bebop/catkin_ws/devel/share/gennodejs/ros/planning_msgs/srv/PlannerService.js
Symlinking /home/student/ros_project_bebop/catkin_ws/devel/share/gennodejs/ros/planning_msgs/srv/_index.js
Symlinking /home/student/ros_project_bebop/catkin_ws/devel/share/gennodejs/ros/planning_msgs/msg/PolygonWithHolesStamped.js
Symlinking /home/student/ros_project_bebop/catkin_ws/devel/share/gennodejs/ros/planning_msgs/msg/PolynomialTrajectory4D.js
Symlinking /home/student/ros_project_bebop/catkin_ws/devel/share/gennodejs/ros/planning_msgs/msg/Polygon2D.js
Symlinking /home/student/ros_project_bebop/catkin_ws/devel/share/gennodejs/ros/planning_msgs/msg/PolynomialSegment4D.js
Symlinking /home/student/ros_project_bebop/catkin_ws/devel/share/gennodejs/ros/planning_msgs/msg/_index.js
Symlinking /home/student/ros_project_bebop/catkin_ws/devel/share/gennodejs/ros/planning_msgs/msg/PolygonWithHoles.js
Symlinking /home/student/ros_project_bebop/catkin_ws/devel/share/gennodejs/ros/planning_msgs/msg/PointCloudWithPose.js
Symlinking /home/student/ros_project_bebop/catkin_ws/devel/share/gennodejs/ros/planning_msgs/msg/Point2D.js
Symlinking /home/student/ros_project_bebop/catkin_ws/devel/lib/python2.7/dist-packages/planning_msgs/__init__.py
Symlinking /home/student/ros_project_bebop/catkin_ws/devel/lib/python2.7/dist-packages/planning_msgs/srv/__init__.py
Symlinking /home/student/ros_project_bebop/catkin_ws/devel/lib/python2.7/dist-packages/planning_msgs/srv/_PlannerService.py
Symlinking /home/student/ros_project_bebop/catkin_ws/devel/lib/python2.7/dist-packages/planning_msgs/srv/_PolygonService.py
Symlinking /home/student/ros_project_bebop/catkin_ws/devel/lib/python2.7/dist-packages/planning_msgs/msg/__init__.py
Symlinking /home/student/ros_project_bebop/catkin_ws/devel/lib/python2.7/dist-packages/planning_msgs/msg/_PolygonWithHolesStamped.py
Symlinking /home/student/ros_project_bebop/catkin_ws/devel/lib/python2.7/dist-packages/planning_msgs/msg/_PolynomialTrajectory4D.py
Symlinking /home/student/ros_project_bebop/catkin_ws/devel/lib/python2.7/dist-packages/planning_msgs/msg/_PolygonWithHoles.py
Symlinking /home/student/ros_project_bebop/catkin_ws/devel/lib/python2.7/dist-packages/planning_msgs/msg/_Point2D.py
Symlinking /home/student/ros_project_bebop/catkin_ws/devel/lib/python2.7/dist-packages/planning_msgs/msg/_PolynomialSegment4D.py
Symlinking /home/student/ros_project_bebop/catkin_ws/devel/lib/python2.7/dist-packages/planning_msgs/msg/_Polygon2D.py
Symlinking /home/student/ros_project_bebop/catkin_ws/devel/lib/python2.7/dist-packages/planning_msgs/msg/_PointCloudWithPose.py
Symlinking /home/student/ros_project_bebop/catkin_ws/devel/lib/pkgconfig/planning_msgs.pc
