In file included from [01m[K/home/student/ros_project_bebop/catkin_ws/src/iROS_drone/mavros/mavros_msgs/include/mavros_msgs/mavlink_convert.h:18:0[m[K,
                 from [01m[K/home/student/ros_project_bebop/catkin_ws/src/iROS_drone/rotors_simulator/rotors_hil_interface/include/rotors_hil_interface/hil_interface.h:23[m[K,
                 from [01m[K/home/student/ros_project_bebop/catkin_ws/src/iROS_drone/rotors_simulator/rotors_hil_interface/src/hil_sensor_level_interface.cpp:17[m[K:
[01m[K/home/student/ros_project_bebop/catkin_ws/src/iROS_drone/mavros/libmavconn/include/mavconn/mavlink_dialect.h:22:3:[m[K [01;35m[Kwarning: [m[K#warning "No MAVLINK_DIALECT specified. fallback to " MAVLINK_DIALECT [-Wcpp]
 # warning "No MAVLINK_DIALECT specified. fallback to " MAVLINK_DIALECT
[01;32m[K   ^[m[K
In file included from [01m[K/home/student/ros_project_bebop/catkin_ws/src/iROS_drone/mavros/mavros_msgs/include/mavros_msgs/mavlink_convert.h:18:0[m[K,
                 from [01m[K/home/student/ros_project_bebop/catkin_ws/src/iROS_drone/rotors_simulator/rotors_hil_interface/include/rotors_hil_interface/hil_interface.h:23[m[K,
                 from [01m[K/home/student/ros_project_bebop/catkin_ws/src/iROS_drone/rotors_simulator/rotors_hil_interface/src/hil_state_level_interface.cpp:17[m[K:
[01m[K/home/student/ros_project_bebop/catkin_ws/src/iROS_drone/mavros/libmavconn/include/mavconn/mavlink_dialect.h:22:3:[m[K [01;35m[Kwarning: [m[K#warning "No MAVLINK_DIALECT specified. fallback to " MAVLINK_DIALECT [-Wcpp]
 # warning "No MAVLINK_DIALECT specified. fallback to " MAVLINK_DIALECT
[01;32m[K   ^[m[K
In file included from [01m[K/home/student/ros_project_bebop/catkin_ws/src/iROS_drone/mavros/mavros_msgs/include/mavros_msgs/mavlink_convert.h:18:0[m[K,
                 from [01m[K/home/student/ros_project_bebop/catkin_ws/src/iROS_drone/rotors_simulator/rotors_hil_interface/include/rotors_hil_interface/hil_interface.h:23[m[K,
                 from [01m[K/home/student/ros_project_bebop/catkin_ws/src/iROS_drone/rotors_simulator/rotors_hil_interface/include/rotors_hil_interface/hil_interface_node.h:22[m[K,
                 from [01m[K/home/student/ros_project_bebop/catkin_ws/src/iROS_drone/rotors_simulator/rotors_hil_interface/src/hil_interface_node.cpp:17[m[K:
[01m[K/home/student/ros_project_bebop/catkin_ws/src/iROS_drone/mavros/libmavconn/include/mavconn/mavlink_dialect.h:22:3:[m[K [01;35m[Kwarning: [m[K#warning "No MAVLINK_DIALECT specified. fallback to " MAVLINK_DIALECT [-Wcpp]
 # warning "No MAVLINK_DIALECT specified. fallback to " MAVLINK_DIALECT
[01;32m[K   ^[m[K
[01m[K/home/student/ros_project_bebop/catkin_ws/src/iROS_drone/rotors_simulator/rotors_hil_interface/src/hil_interface_node.cpp:[m[K In constructor ‘[01m[Krotors_hil::HilInterfaceNode::HilInterfaceNode()[m[K’:
[01m[K/home/student/ros_project_bebop/catkin_ws/src/iROS_drone/rotors_simulator/rotors_hil_interface/src/hil_interface_node.cpp:51:27:[m[K [01;35m[Kwarning: [m[K‘[01m[Ktemplate<class> class std::auto_ptr[m[K’ is deprecated [-Wdeprecated-declarations]
     hil_interface_ = std::auto_ptr<HilSensorLevelInterface>(new HilSensorLevelInterface(q_S_B));
[01;32m[K                           ^[m[K
In file included from [01m[K/usr/include/c++/5/memory:81:0[m[K,
                 from [01m[K/home/student/ros_project_bebop/catkin_ws/src/iROS_drone/rotors_simulator/rotors_hil_interface/include/rotors_hil_interface/hil_interface_node.h:20[m[K,
                 from [01m[K/home/student/ros_project_bebop/catkin_ws/src/iROS_drone/rotors_simulator/rotors_hil_interface/src/hil_interface_node.cpp:17[m[K:
[01m[K/usr/include/c++/5/bits/unique_ptr.h:49:28:[m[K [01;36m[Knote: [m[Kdeclared here
   template<typename> class auto_ptr;
[01;32m[K                            ^[m[K
[01m[K/home/student/ros_project_bebop/catkin_ws/src/iROS_drone/rotors_simulator/rotors_hil_interface/src/hil_interface_node.cpp:53:27:[m[K [01;35m[Kwarning: [m[K‘[01m[Ktemplate<class> class std::auto_ptr[m[K’ is deprecated [-Wdeprecated-declarations]
     hil_interface_ = std::auto_ptr<HilStateLevelInterface>(new HilStateLevelInterface(q_S_B));
[01;32m[K                           ^[m[K
In file included from [01m[K/usr/include/c++/5/memory:81:0[m[K,
                 from [01m[K/home/student/ros_project_bebop/catkin_ws/src/iROS_drone/rotors_simulator/rotors_hil_interface/include/rotors_hil_interface/hil_interface_node.h:20[m[K,
                 from [01m[K/home/student/ros_project_bebop/catkin_ws/src/iROS_drone/rotors_simulator/rotors_hil_interface/src/hil_interface_node.cpp:17[m[K:
[01m[K/usr/include/c++/5/bits/unique_ptr.h:49:28:[m[K [01;36m[Knote: [m[Kdeclared here
   template<typename> class auto_ptr;
[01;32m[K                            ^[m[K
