Symlinking /home/student/Documents/ros_project_bebop/catkin_ws/devel/share/rotors_hil_interface/cmake/rotors_hil_interfaceConfig.cmake
Symlinking /home/student/Documents/ros_project_bebop/catkin_ws/devel/share/rotors_hil_interface/cmake/rotors_hil_interfaceConfig-version.cmake
Symlinking /home/student/Documents/ros_project_bebop/catkin_ws/devel/lib/librotors_hil_interface.so
Symlinking /home/student/Documents/ros_project_bebop/catkin_ws/devel/lib/rotors_hil_interface/rotors_hil_interface_node
Symlinking /home/student/Documents/ros_project_bebop/catkin_ws/devel/lib/pkgconfig/rotors_hil_interface.pc
Cleaning: (/home/student/ros_project_bebop/catkin_ws/devel/.private/rotors_hil_interface/cmake.lock, /home/student/ros_project_bebop/catkin_ws/devel/./cmake.lock)
Cleaning: (/home/student/ros_project_bebop/catkin_ws/devel/.private/rotors_hil_interface/share/rotors_hil_interface/cmake/rotors_hil_interfaceConfig.cmake, /home/student/ros_project_bebop/catkin_ws/devel/share/rotors_hil_interface/cmake/rotors_hil_interfaceConfig.cmake)
Cleaning: (/home/student/ros_project_bebop/catkin_ws/devel/.private/rotors_hil_interface/share/rotors_hil_interface/cmake/rotors_hil_interfaceConfig-version.cmake, /home/student/ros_project_bebop/catkin_ws/devel/share/rotors_hil_interface/cmake/rotors_hil_interfaceConfig-version.cmake)
Cleaning: (/home/student/ros_project_bebop/catkin_ws/devel/.private/rotors_hil_interface/lib/librotors_hil_interface.so, /home/student/ros_project_bebop/catkin_ws/devel/lib/librotors_hil_interface.so)
Cleaning: (/home/student/ros_project_bebop/catkin_ws/devel/.private/rotors_hil_interface/lib/rotors_hil_interface/rotors_hil_interface_node, /home/student/ros_project_bebop/catkin_ws/devel/lib/rotors_hil_interface/rotors_hil_interface_node)
Cleaning: (/home/student/ros_project_bebop/catkin_ws/devel/.private/rotors_hil_interface/lib/pkgconfig/rotors_hil_interface.pc, /home/student/ros_project_bebop/catkin_ws/devel/lib/pkgconfig/rotors_hil_interface.pc)
Unlinking: /home/student/ros_project_bebop/catkin_ws/devel/share/rotors_hil_interface/cmake/rotors_hil_interfaceConfig.cmake
Already unlinked: {}
Unlinking: /home/student/ros_project_bebop/catkin_ws/devel/share/rotors_hil_interface/cmake/rotors_hil_interfaceConfig-version.cmake
Already unlinked: {}
Unlinking: /home/student/ros_project_bebop/catkin_ws/devel/lib/librotors_hil_interface.so
Already unlinked: {}
Unlinking: /home/student/ros_project_bebop/catkin_ws/devel/lib/rotors_hil_interface/rotors_hil_interface_node
Already unlinked: {}
Unlinking: /home/student/ros_project_bebop/catkin_ws/devel/lib/pkgconfig/rotors_hil_interface.pc
Already unlinked: {}
