Determining if the pthread_create exist failed with the following output:
Change Dir: /home/student/ros_project_bebop/catkin_ws/build/drone_control/CMakeFiles/CMakeTmp

Run Build Command:"/usr/bin/make" "cmTC_b1b1b/fast"
/usr/bin/make -f CMakeFiles/cmTC_b1b1b.dir/build.make CMakeFiles/cmTC_b1b1b.dir/build
make[1] : on entre dans le répertoire « /home/student/ros_project_bebop/catkin_ws/build/drone_control/CMakeFiles/CMakeTmp »
Building C object CMakeFiles/cmTC_b1b1b.dir/CheckSymbolExists.c.o
/usr/bin/cc     -o CMakeFiles/cmTC_b1b1b.dir/CheckSymbolExists.c.o   -c /home/student/ros_project_bebop/catkin_ws/build/drone_control/CMakeFiles/CMakeTmp/CheckSymbolExists.c
Linking C executable cmTC_b1b1b
/usr/bin/cmake -E cmake_link_script CMakeFiles/cmTC_b1b1b.dir/link.txt --verbose=1
/usr/bin/cc       CMakeFiles/cmTC_b1b1b.dir/CheckSymbolExists.c.o  -o cmTC_b1b1b -rdynamic 
CMakeFiles/cmTC_b1b1b.dir/CheckSymbolExists.c.o : Dans la fonction « main » :
CheckSymbolExists.c:(.text+0x16) : référence indéfinie vers « pthread_create »
collect2: error: ld returned 1 exit status
CMakeFiles/cmTC_b1b1b.dir/build.make:97 : la recette pour la cible « cmTC_b1b1b » a échouée
make[1]: *** [cmTC_b1b1b] Erreur 1
make[1] : on quitte le répertoire « /home/student/ros_project_bebop/catkin_ws/build/drone_control/CMakeFiles/CMakeTmp »
Makefile:126 : la recette pour la cible « cmTC_b1b1b/fast » a échouée
make: *** [cmTC_b1b1b/fast] Erreur 2

File /home/student/ros_project_bebop/catkin_ws/build/drone_control/CMakeFiles/CMakeTmp/CheckSymbolExists.c:
/* */
#include <pthread.h>

int main(int argc, char** argv)
{
  (void)argv;
#ifndef pthread_create
  return ((int*)(&pthread_create))[argc];
#else
  (void)argc;
  return 0;
#endif
}

Determining if the function pthread_create exists in the pthreads failed with the following output:
Change Dir: /home/student/ros_project_bebop/catkin_ws/build/drone_control/CMakeFiles/CMakeTmp

Run Build Command:"/usr/bin/make" "cmTC_7129a/fast"
/usr/bin/make -f CMakeFiles/cmTC_7129a.dir/build.make CMakeFiles/cmTC_7129a.dir/build
make[1] : on entre dans le répertoire « /home/student/ros_project_bebop/catkin_ws/build/drone_control/CMakeFiles/CMakeTmp »
Building C object CMakeFiles/cmTC_7129a.dir/CheckFunctionExists.c.o
/usr/bin/cc    -DCHECK_FUNCTION_EXISTS=pthread_create   -o CMakeFiles/cmTC_7129a.dir/CheckFunctionExists.c.o   -c /usr/share/cmake-3.5/Modules/CheckFunctionExists.c
Linking C executable cmTC_7129a
/usr/bin/cmake -E cmake_link_script CMakeFiles/cmTC_7129a.dir/link.txt --verbose=1
/usr/bin/cc   -DCHECK_FUNCTION_EXISTS=pthread_create    CMakeFiles/cmTC_7129a.dir/CheckFunctionExists.c.o  -o cmTC_7129a -rdynamic -lpthreads 
/usr/bin/ld : ne peut trouver -lpthreads
collect2: error: ld returned 1 exit status
CMakeFiles/cmTC_7129a.dir/build.make:97 : la recette pour la cible « cmTC_7129a » a échouée
make[1]: *** [cmTC_7129a] Erreur 1
make[1] : on quitte le répertoire « /home/student/ros_project_bebop/catkin_ws/build/drone_control/CMakeFiles/CMakeTmp »
Makefile:126 : la recette pour la cible « cmTC_7129a/fast » a échouée
make: *** [cmTC_7129a/fast] Erreur 2


