Determining if the pthread_create exist failed with the following output:
Change Dir: /home/student/Documents/ros_project_bebop/catkin_ws/build/catkin_tools_prebuild/CMakeFiles/CMakeTmp

Run Build Command:"/usr/bin/make" "cmTC_aa995/fast"
/usr/bin/make -f CMakeFiles/cmTC_aa995.dir/build.make CMakeFiles/cmTC_aa995.dir/build
make[1] : on entre dans le répertoire « /home/student/Documents/ros_project_bebop/catkin_ws/build/catkin_tools_prebuild/CMakeFiles/CMakeTmp »
Building C object CMakeFiles/cmTC_aa995.dir/CheckSymbolExists.c.o
/usr/bin/cc     -o CMakeFiles/cmTC_aa995.dir/CheckSymbolExists.c.o   -c /home/student/Documents/ros_project_bebop/catkin_ws/build/catkin_tools_prebuild/CMakeFiles/CMakeTmp/CheckSymbolExists.c
Linking C executable cmTC_aa995
/usr/bin/cmake -E cmake_link_script CMakeFiles/cmTC_aa995.dir/link.txt --verbose=1
/usr/bin/cc       CMakeFiles/cmTC_aa995.dir/CheckSymbolExists.c.o  -o cmTC_aa995 -rdynamic 
CMakeFiles/cmTC_aa995.dir/CheckSymbolExists.c.o : Dans la fonction « main » :
CheckSymbolExists.c:(.text+0x16) : référence indéfinie vers « pthread_create »
collect2: error: ld returned 1 exit status
CMakeFiles/cmTC_aa995.dir/build.make:97 : la recette pour la cible « cmTC_aa995 » a échouée
make[1]: *** [cmTC_aa995] Erreur 1
make[1] : on quitte le répertoire « /home/student/Documents/ros_project_bebop/catkin_ws/build/catkin_tools_prebuild/CMakeFiles/CMakeTmp »
Makefile:126 : la recette pour la cible « cmTC_aa995/fast » a échouée
make: *** [cmTC_aa995/fast] Erreur 2

File /home/student/Documents/ros_project_bebop/catkin_ws/build/catkin_tools_prebuild/CMakeFiles/CMakeTmp/CheckSymbolExists.c:
/* */
#include <pthread.h>

int main(int argc, char** argv)
{
  (void)argv;
#ifndef pthread_create
  return ((int*)(&pthread_create))[argc];
#else
  (void)argc;
  return 0;
#endif
}

Determining if the function pthread_create exists in the pthreads failed with the following output:
Change Dir: /home/student/Documents/ros_project_bebop/catkin_ws/build/catkin_tools_prebuild/CMakeFiles/CMakeTmp

Run Build Command:"/usr/bin/make" "cmTC_6998f/fast"
/usr/bin/make -f CMakeFiles/cmTC_6998f.dir/build.make CMakeFiles/cmTC_6998f.dir/build
make[1] : on entre dans le répertoire « /home/student/Documents/ros_project_bebop/catkin_ws/build/catkin_tools_prebuild/CMakeFiles/CMakeTmp »
Building C object CMakeFiles/cmTC_6998f.dir/CheckFunctionExists.c.o
/usr/bin/cc    -DCHECK_FUNCTION_EXISTS=pthread_create   -o CMakeFiles/cmTC_6998f.dir/CheckFunctionExists.c.o   -c /usr/share/cmake-3.5/Modules/CheckFunctionExists.c
Linking C executable cmTC_6998f
/usr/bin/cmake -E cmake_link_script CMakeFiles/cmTC_6998f.dir/link.txt --verbose=1
/usr/bin/cc   -DCHECK_FUNCTION_EXISTS=pthread_create    CMakeFiles/cmTC_6998f.dir/CheckFunctionExists.c.o  -o cmTC_6998f -rdynamic -lpthreads 
/usr/bin/ld : ne peut trouver -lpthreads
collect2: error: ld returned 1 exit status
CMakeFiles/cmTC_6998f.dir/build.make:97 : la recette pour la cible « cmTC_6998f » a échouée
make[1]: *** [cmTC_6998f] Erreur 1
make[1] : on quitte le répertoire « /home/student/Documents/ros_project_bebop/catkin_ws/build/catkin_tools_prebuild/CMakeFiles/CMakeTmp »
Makefile:126 : la recette pour la cible « cmTC_6998f/fast » a échouée
make: *** [cmTC_6998f/fast] Erreur 2


