Determining if the pthread_create exist failed with the following output:
Change Dir: /home/student/ros_project_bebop/catkin_ws/build/mavros/CMakeFiles/CMakeTmp

Run Build Command:"/usr/bin/make" "cmTC_64d4e/fast"
/usr/bin/make -f CMakeFiles/cmTC_64d4e.dir/build.make CMakeFiles/cmTC_64d4e.dir/build
make[1] : on entre dans le répertoire « /home/student/ros_project_bebop/catkin_ws/build/mavros/CMakeFiles/CMakeTmp »
Building C object CMakeFiles/cmTC_64d4e.dir/CheckSymbolExists.c.o
/usr/bin/cc     -o CMakeFiles/cmTC_64d4e.dir/CheckSymbolExists.c.o   -c /home/student/ros_project_bebop/catkin_ws/build/mavros/CMakeFiles/CMakeTmp/CheckSymbolExists.c
Linking C executable cmTC_64d4e
/usr/bin/cmake -E cmake_link_script CMakeFiles/cmTC_64d4e.dir/link.txt --verbose=1
/usr/bin/cc       CMakeFiles/cmTC_64d4e.dir/CheckSymbolExists.c.o  -o cmTC_64d4e -rdynamic 
CMakeFiles/cmTC_64d4e.dir/CheckSymbolExists.c.o : Dans la fonction « main » :
CheckSymbolExists.c:(.text+0x16) : référence indéfinie vers « pthread_create »
collect2: error: ld returned 1 exit status
CMakeFiles/cmTC_64d4e.dir/build.make:97 : la recette pour la cible « cmTC_64d4e » a échouée
make[1]: *** [cmTC_64d4e] Erreur 1
make[1] : on quitte le répertoire « /home/student/ros_project_bebop/catkin_ws/build/mavros/CMakeFiles/CMakeTmp »
Makefile:126 : la recette pour la cible « cmTC_64d4e/fast » a échouée
make: *** [cmTC_64d4e/fast] Erreur 2

File /home/student/ros_project_bebop/catkin_ws/build/mavros/CMakeFiles/CMakeTmp/CheckSymbolExists.c:
/* */
#include <pthread.h>

int main(int argc, char** argv)
{
  (void)argv;
#ifndef pthread_create
  return ((int*)(&pthread_create))[argc];
#else
  (void)argc;
  return 0;
#endif
}

Determining if the function pthread_create exists in the pthreads failed with the following output:
Change Dir: /home/student/ros_project_bebop/catkin_ws/build/mavros/CMakeFiles/CMakeTmp

Run Build Command:"/usr/bin/make" "cmTC_f2f77/fast"
/usr/bin/make -f CMakeFiles/cmTC_f2f77.dir/build.make CMakeFiles/cmTC_f2f77.dir/build
make[1] : on entre dans le répertoire « /home/student/ros_project_bebop/catkin_ws/build/mavros/CMakeFiles/CMakeTmp »
Building C object CMakeFiles/cmTC_f2f77.dir/CheckFunctionExists.c.o
/usr/bin/cc    -DCHECK_FUNCTION_EXISTS=pthread_create   -o CMakeFiles/cmTC_f2f77.dir/CheckFunctionExists.c.o   -c /usr/share/cmake-3.5/Modules/CheckFunctionExists.c
Linking C executable cmTC_f2f77
/usr/bin/cmake -E cmake_link_script CMakeFiles/cmTC_f2f77.dir/link.txt --verbose=1
/usr/bin/cc   -DCHECK_FUNCTION_EXISTS=pthread_create    CMakeFiles/cmTC_f2f77.dir/CheckFunctionExists.c.o  -o cmTC_f2f77 -rdynamic -lpthreads 
/usr/bin/ld : ne peut trouver -lpthreads
collect2: error: ld returned 1 exit status
CMakeFiles/cmTC_f2f77.dir/build.make:97 : la recette pour la cible « cmTC_f2f77 » a échouée
make[1]: *** [cmTC_f2f77] Erreur 1
make[1] : on quitte le répertoire « /home/student/ros_project_bebop/catkin_ws/build/mavros/CMakeFiles/CMakeTmp »
Makefile:126 : la recette pour la cible « cmTC_f2f77/fast » a échouée
make: *** [cmTC_f2f77/fast] Erreur 2


