Determining if the pthread_create exist failed with the following output:
Change Dir: /home/student/Documents/ros_project_bebop/catkin_ws/build/mavros_msgs/CMakeFiles/CMakeTmp

Run Build Command:"/usr/bin/make" "cmTC_bceeb/fast"
/usr/bin/make -f CMakeFiles/cmTC_bceeb.dir/build.make CMakeFiles/cmTC_bceeb.dir/build
make[1] : on entre dans le répertoire « /home/student/Documents/ros_project_bebop/catkin_ws/build/mavros_msgs/CMakeFiles/CMakeTmp »
Building C object CMakeFiles/cmTC_bceeb.dir/CheckSymbolExists.c.o
/usr/bin/cc     -o CMakeFiles/cmTC_bceeb.dir/CheckSymbolExists.c.o   -c /home/student/Documents/ros_project_bebop/catkin_ws/build/mavros_msgs/CMakeFiles/CMakeTmp/CheckSymbolExists.c
Linking C executable cmTC_bceeb
/usr/bin/cmake -E cmake_link_script CMakeFiles/cmTC_bceeb.dir/link.txt --verbose=1
/usr/bin/cc       CMakeFiles/cmTC_bceeb.dir/CheckSymbolExists.c.o  -o cmTC_bceeb -rdynamic 
CMakeFiles/cmTC_bceeb.dir/CheckSymbolExists.c.o : Dans la fonction « main » :
CheckSymbolExists.c:(.text+0x16) : référence indéfinie vers « pthread_create »
collect2: error: ld returned 1 exit status
CMakeFiles/cmTC_bceeb.dir/build.make:97 : la recette pour la cible « cmTC_bceeb » a échouée
make[1]: *** [cmTC_bceeb] Erreur 1
make[1] : on quitte le répertoire « /home/student/Documents/ros_project_bebop/catkin_ws/build/mavros_msgs/CMakeFiles/CMakeTmp »
Makefile:126 : la recette pour la cible « cmTC_bceeb/fast » a échouée
make: *** [cmTC_bceeb/fast] Erreur 2

File /home/student/Documents/ros_project_bebop/catkin_ws/build/mavros_msgs/CMakeFiles/CMakeTmp/CheckSymbolExists.c:
/* */
#include <pthread.h>

int main(int argc, char** argv)
{
  (void)argv;
#ifndef pthread_create
  return ((int*)(&pthread_create))[argc];
#else
  (void)argc;
  return 0;
#endif
}

Determining if the function pthread_create exists in the pthreads failed with the following output:
Change Dir: /home/student/Documents/ros_project_bebop/catkin_ws/build/mavros_msgs/CMakeFiles/CMakeTmp

Run Build Command:"/usr/bin/make" "cmTC_e4d17/fast"
/usr/bin/make -f CMakeFiles/cmTC_e4d17.dir/build.make CMakeFiles/cmTC_e4d17.dir/build
make[1] : on entre dans le répertoire « /home/student/Documents/ros_project_bebop/catkin_ws/build/mavros_msgs/CMakeFiles/CMakeTmp »
Building C object CMakeFiles/cmTC_e4d17.dir/CheckFunctionExists.c.o
/usr/bin/cc    -DCHECK_FUNCTION_EXISTS=pthread_create   -o CMakeFiles/cmTC_e4d17.dir/CheckFunctionExists.c.o   -c /usr/share/cmake-3.5/Modules/CheckFunctionExists.c
Linking C executable cmTC_e4d17
/usr/bin/cmake -E cmake_link_script CMakeFiles/cmTC_e4d17.dir/link.txt --verbose=1
/usr/bin/cc   -DCHECK_FUNCTION_EXISTS=pthread_create    CMakeFiles/cmTC_e4d17.dir/CheckFunctionExists.c.o  -o cmTC_e4d17 -rdynamic -lpthreads 
/usr/bin/ld : ne peut trouver -lpthreads
collect2: error: ld returned 1 exit status
CMakeFiles/cmTC_e4d17.dir/build.make:97 : la recette pour la cible « cmTC_e4d17 » a échouée
make[1]: *** [cmTC_e4d17] Erreur 1
make[1] : on quitte le répertoire « /home/student/Documents/ros_project_bebop/catkin_ws/build/mavros_msgs/CMakeFiles/CMakeTmp »
Makefile:126 : la recette pour la cible « cmTC_e4d17/fast » a échouée
make: *** [cmTC_e4d17/fast] Erreur 2


