Determining if the pthread_create exist failed with the following output:
Change Dir: /home/student/ros_project_bebop/catkin_ws/build/rotors_joy_interface/CMakeFiles/CMakeTmp

Run Build Command:"/usr/bin/make" "cmTC_f01ed/fast"
/usr/bin/make -f CMakeFiles/cmTC_f01ed.dir/build.make CMakeFiles/cmTC_f01ed.dir/build
make[1] : on entre dans le répertoire « /home/student/ros_project_bebop/catkin_ws/build/rotors_joy_interface/CMakeFiles/CMakeTmp »
Building C object CMakeFiles/cmTC_f01ed.dir/CheckSymbolExists.c.o
/usr/bin/cc     -o CMakeFiles/cmTC_f01ed.dir/CheckSymbolExists.c.o   -c /home/student/ros_project_bebop/catkin_ws/build/rotors_joy_interface/CMakeFiles/CMakeTmp/CheckSymbolExists.c
Linking C executable cmTC_f01ed
/usr/bin/cmake -E cmake_link_script CMakeFiles/cmTC_f01ed.dir/link.txt --verbose=1
/usr/bin/cc       CMakeFiles/cmTC_f01ed.dir/CheckSymbolExists.c.o  -o cmTC_f01ed -rdynamic 
CMakeFiles/cmTC_f01ed.dir/CheckSymbolExists.c.o : Dans la fonction « main » :
CheckSymbolExists.c:(.text+0x16) : référence indéfinie vers « pthread_create »
collect2: error: ld returned 1 exit status
CMakeFiles/cmTC_f01ed.dir/build.make:97 : la recette pour la cible « cmTC_f01ed » a échouée
make[1]: *** [cmTC_f01ed] Erreur 1
make[1] : on quitte le répertoire « /home/student/ros_project_bebop/catkin_ws/build/rotors_joy_interface/CMakeFiles/CMakeTmp »
Makefile:126 : la recette pour la cible « cmTC_f01ed/fast » a échouée
make: *** [cmTC_f01ed/fast] Erreur 2

File /home/student/ros_project_bebop/catkin_ws/build/rotors_joy_interface/CMakeFiles/CMakeTmp/CheckSymbolExists.c:
/* */
#include <pthread.h>

int main(int argc, char** argv)
{
  (void)argv;
#ifndef pthread_create
  return ((int*)(&pthread_create))[argc];
#else
  (void)argc;
  return 0;
#endif
}

Determining if the function pthread_create exists in the pthreads failed with the following output:
Change Dir: /home/student/ros_project_bebop/catkin_ws/build/rotors_joy_interface/CMakeFiles/CMakeTmp

Run Build Command:"/usr/bin/make" "cmTC_2ee95/fast"
/usr/bin/make -f CMakeFiles/cmTC_2ee95.dir/build.make CMakeFiles/cmTC_2ee95.dir/build
make[1] : on entre dans le répertoire « /home/student/ros_project_bebop/catkin_ws/build/rotors_joy_interface/CMakeFiles/CMakeTmp »
Building C object CMakeFiles/cmTC_2ee95.dir/CheckFunctionExists.c.o
/usr/bin/cc    -DCHECK_FUNCTION_EXISTS=pthread_create   -o CMakeFiles/cmTC_2ee95.dir/CheckFunctionExists.c.o   -c /usr/share/cmake-3.5/Modules/CheckFunctionExists.c
Linking C executable cmTC_2ee95
/usr/bin/cmake -E cmake_link_script CMakeFiles/cmTC_2ee95.dir/link.txt --verbose=1
/usr/bin/cc   -DCHECK_FUNCTION_EXISTS=pthread_create    CMakeFiles/cmTC_2ee95.dir/CheckFunctionExists.c.o  -o cmTC_2ee95 -rdynamic -lpthreads 
/usr/bin/ld : ne peut trouver -lpthreads
collect2: error: ld returned 1 exit status
CMakeFiles/cmTC_2ee95.dir/build.make:97 : la recette pour la cible « cmTC_2ee95 » a échouée
make[1]: *** [cmTC_2ee95] Erreur 1
make[1] : on quitte le répertoire « /home/student/ros_project_bebop/catkin_ws/build/rotors_joy_interface/CMakeFiles/CMakeTmp »
Makefile:126 : la recette pour la cible « cmTC_2ee95/fast » a échouée
make: *** [cmTC_2ee95/fast] Erreur 2


