Symlinking /home/student/Documents/ros_project_bebop/catkin_ws/devel/share/libmavconn/cmake/libmavconn-extras.cmake
Symlinking /home/student/Documents/ros_project_bebop/catkin_ws/devel/share/libmavconn/cmake/libmavconnConfig.cmake
Symlinking /home/student/Documents/ros_project_bebop/catkin_ws/devel/share/libmavconn/cmake/libmavconnConfig-version.cmake
Symlinking /home/student/Documents/ros_project_bebop/catkin_ws/devel/lib/libmavconn.so
Symlinking /home/student/Documents/ros_project_bebop/catkin_ws/devel/lib/pkgconfig/libmavconn.pc
Cleaning: (/home/student/ros_project_bebop/catkin_ws/devel/.private/libmavconn/cmake.lock, /home/student/ros_project_bebop/catkin_ws/devel/./cmake.lock)
Cleaning: (/home/student/ros_project_bebop/catkin_ws/devel/.private/libmavconn/share/libmavconn/cmake/libmavconn-extras.cmake, /home/student/ros_project_bebop/catkin_ws/devel/share/libmavconn/cmake/libmavconn-extras.cmake)
Cleaning: (/home/student/ros_project_bebop/catkin_ws/devel/.private/libmavconn/share/libmavconn/cmake/libmavconnConfig.cmake, /home/student/ros_project_bebop/catkin_ws/devel/share/libmavconn/cmake/libmavconnConfig.cmake)
Cleaning: (/home/student/ros_project_bebop/catkin_ws/devel/.private/libmavconn/share/libmavconn/cmake/libmavconnConfig-version.cmake, /home/student/ros_project_bebop/catkin_ws/devel/share/libmavconn/cmake/libmavconnConfig-version.cmake)
Cleaning: (/home/student/ros_project_bebop/catkin_ws/devel/.private/libmavconn/lib/libmavconn.so, /home/student/ros_project_bebop/catkin_ws/devel/lib/libmavconn.so)
Cleaning: (/home/student/ros_project_bebop/catkin_ws/devel/.private/libmavconn/lib/pkgconfig/libmavconn.pc, /home/student/ros_project_bebop/catkin_ws/devel/lib/pkgconfig/libmavconn.pc)
Unlinking: /home/student/ros_project_bebop/catkin_ws/devel/share/libmavconn/cmake/libmavconn-extras.cmake
Already unlinked: {}
Unlinking: /home/student/ros_project_bebop/catkin_ws/devel/share/libmavconn/cmake/libmavconnConfig.cmake
Already unlinked: {}
Unlinking: /home/student/ros_project_bebop/catkin_ws/devel/share/libmavconn/cmake/libmavconnConfig-version.cmake
Already unlinked: {}
Unlinking: /home/student/ros_project_bebop/catkin_ws/devel/lib/libmavconn.so
Already unlinked: {}
Unlinking: /home/student/ros_project_bebop/catkin_ws/devel/lib/pkgconfig/libmavconn.pc
Already unlinked: {}
