Symlinking /home/student/Documents/ros_project_bebop/catkin_ws/devel/include/drone_control/ModeResponse.h
Symlinking /home/student/Documents/ros_project_bebop/catkin_ws/devel/include/drone_control/Mode.h
Symlinking /home/student/Documents/ros_project_bebop/catkin_ws/devel/include/drone_control/ModeRequest.h
Symlinking /home/student/Documents/ros_project_bebop/catkin_ws/devel/share/roseus/ros/drone_control/manifest.l
Symlinking /home/student/Documents/ros_project_bebop/catkin_ws/devel/share/roseus/ros/drone_control/srv/Mode.l
Symlinking /home/student/Documents/ros_project_bebop/catkin_ws/devel/share/common-lisp/ros/drone_control/srv/Mode.lisp
Symlinking /home/student/Documents/ros_project_bebop/catkin_ws/devel/share/common-lisp/ros/drone_control/srv/_package.lisp
Symlinking /home/student/Documents/ros_project_bebop/catkin_ws/devel/share/common-lisp/ros/drone_control/srv/drone_control-srv.asd
Symlinking /home/student/Documents/ros_project_bebop/catkin_ws/devel/share/common-lisp/ros/drone_control/srv/_package_Mode.lisp
Linked: (/home/student/Documents/ros_project_bebop/catkin_ws/devel/.private/drone_control/share/drone_control/cmake/drone_controlConfig-version.cmake, /home/student/Documents/ros_project_bebop/catkin_ws/devel/share/drone_control/cmake/drone_controlConfig-version.cmake)
Linked: (/home/student/Documents/ros_project_bebop/catkin_ws/devel/.private/drone_control/share/drone_control/cmake/drone_controlConfig.cmake, /home/student/Documents/ros_project_bebop/catkin_ws/devel/share/drone_control/cmake/drone_controlConfig.cmake)
Symlinking /home/student/Documents/ros_project_bebop/catkin_ws/devel/share/drone_control/cmake/drone_control-msg-extras.cmake
Symlinking /home/student/Documents/ros_project_bebop/catkin_ws/devel/share/drone_control/cmake/drone_control-msg-paths.cmake
Symlinking /home/student/Documents/ros_project_bebop/catkin_ws/devel/share/gennodejs/ros/drone_control/_index.js
Symlinking /home/student/Documents/ros_project_bebop/catkin_ws/devel/share/gennodejs/ros/drone_control/srv/_index.js
Symlinking /home/student/Documents/ros_project_bebop/catkin_ws/devel/share/gennodejs/ros/drone_control/srv/Mode.js
Symlinking /home/student/Documents/ros_project_bebop/catkin_ws/devel/lib/python2.7/dist-packages/drone_control/__init__.py
Symlinking /home/student/Documents/ros_project_bebop/catkin_ws/devel/lib/python2.7/dist-packages/drone_control/srv/__init__.py
Symlinking /home/student/Documents/ros_project_bebop/catkin_ws/devel/lib/python2.7/dist-packages/drone_control/srv/_Mode.py
Linked: (/home/student/Documents/ros_project_bebop/catkin_ws/devel/.private/drone_control/lib/pkgconfig/drone_control.pc, /home/student/Documents/ros_project_bebop/catkin_ws/devel/lib/pkgconfig/drone_control.pc)
