[36m--[0m Using CATKIN_DEVEL_PREFIX: /home/student/ros_project_bebop/catkin_ws/devel/.private/drone_control
[36m--[0m Using CMAKE_PREFIX_PATH: /home/student/ros_project_bebop/catkin_ws/devel;/opt/ros/kinetic
[36m--[0m This workspace overlays: /home/student/ros_project_bebop/catkin_ws/devel;/opt/ros/kinetic
[36m--[0m Found PythonInterp: /usr/bin/python2 (found suitable version "2.7.12", minimum required is "2")
[36m--[0m Using PYTHON_EXECUTABLE: /usr/bin/python2
[36m--[0m Using Debian Python package layout
[36m--[0m Using empy: /usr/bin/empy
[36m--[0m Using CATKIN_ENABLE_TESTING: ON
[36m--[0m Call enable_testing()
[36m--[0m Using CATKIN_TEST_RESULTS_DIR: /home/student/ros_project_bebop/catkin_ws/build/drone_control/test_results
[36m--[0m Found gtest sources under '/usr/src/gmock': gtests will be built
[36m--[0m Found gmock sources under '/usr/src/gmock': gmock will be built
[36m--[0m Found PythonInterp: /usr/bin/python2 (found version "2.7.12")
[36m--[0m Using Python nosetests: /usr/bin/nosetests-2.7
[36m--[0m catkin 0.7.20
[36m--[0m BUILD_SHARED_LIBS is on
[31m[1mCMake Error[0m at /opt/ros/kinetic/share/catkin/cmake/catkin_install_python.cmake:57 (message):
  catkin_install_python() called with non-existing file
  '/home/student/ros_project_bebop/catkin_ws/src/drone_control/scripts/altitude.py'.
[36mCall Stack (most recent call first):[0m
  CMakeLists.txt:163 (catkin_install_python)


[36m--[0m Configuring incomplete, errors occurred!
See also "/home/student/ros_project_bebop/catkin_ws/build/drone_control/CMakeFiles/CMakeOutput.log".
See also "/home/student/ros_project_bebop/catkin_ws/build/drone_control/CMakeFiles/CMakeError.log".
make: *** [cmake_check_build_system] Erreur 1
