Determining if the pthread_create exist failed with the following output:
Change Dir: /home/student/ros_project_bebop/catkin_ws/build/mavros_extras/CMakeFiles/CMakeTmp

Run Build Command:"/usr/bin/make" "cmTC_9657e/fast"
/usr/bin/make -f CMakeFiles/cmTC_9657e.dir/build.make CMakeFiles/cmTC_9657e.dir/build
make[1] : on entre dans le répertoire « /home/student/ros_project_bebop/catkin_ws/build/mavros_extras/CMakeFiles/CMakeTmp »
Building C object CMakeFiles/cmTC_9657e.dir/CheckSymbolExists.c.o
/usr/bin/cc     -o CMakeFiles/cmTC_9657e.dir/CheckSymbolExists.c.o   -c /home/student/ros_project_bebop/catkin_ws/build/mavros_extras/CMakeFiles/CMakeTmp/CheckSymbolExists.c
Linking C executable cmTC_9657e
/usr/bin/cmake -E cmake_link_script CMakeFiles/cmTC_9657e.dir/link.txt --verbose=1
/usr/bin/cc       CMakeFiles/cmTC_9657e.dir/CheckSymbolExists.c.o  -o cmTC_9657e -rdynamic 
CMakeFiles/cmTC_9657e.dir/CheckSymbolExists.c.o : Dans la fonction « main » :
CheckSymbolExists.c:(.text+0x16) : référence indéfinie vers « pthread_create »
collect2: error: ld returned 1 exit status
CMakeFiles/cmTC_9657e.dir/build.make:97 : la recette pour la cible « cmTC_9657e » a échouée
make[1]: *** [cmTC_9657e] Erreur 1
make[1] : on quitte le répertoire « /home/student/ros_project_bebop/catkin_ws/build/mavros_extras/CMakeFiles/CMakeTmp »
Makefile:126 : la recette pour la cible « cmTC_9657e/fast » a échouée
make: *** [cmTC_9657e/fast] Erreur 2

File /home/student/ros_project_bebop/catkin_ws/build/mavros_extras/CMakeFiles/CMakeTmp/CheckSymbolExists.c:
/* */
#include <pthread.h>

int main(int argc, char** argv)
{
  (void)argv;
#ifndef pthread_create
  return ((int*)(&pthread_create))[argc];
#else
  (void)argc;
  return 0;
#endif
}

Determining if the function pthread_create exists in the pthreads failed with the following output:
Change Dir: /home/student/ros_project_bebop/catkin_ws/build/mavros_extras/CMakeFiles/CMakeTmp

Run Build Command:"/usr/bin/make" "cmTC_02a7b/fast"
/usr/bin/make -f CMakeFiles/cmTC_02a7b.dir/build.make CMakeFiles/cmTC_02a7b.dir/build
make[1] : on entre dans le répertoire « /home/student/ros_project_bebop/catkin_ws/build/mavros_extras/CMakeFiles/CMakeTmp »
Building C object CMakeFiles/cmTC_02a7b.dir/CheckFunctionExists.c.o
/usr/bin/cc    -DCHECK_FUNCTION_EXISTS=pthread_create   -o CMakeFiles/cmTC_02a7b.dir/CheckFunctionExists.c.o   -c /usr/share/cmake-3.5/Modules/CheckFunctionExists.c
Linking C executable cmTC_02a7b
/usr/bin/cmake -E cmake_link_script CMakeFiles/cmTC_02a7b.dir/link.txt --verbose=1
/usr/bin/cc   -DCHECK_FUNCTION_EXISTS=pthread_create    CMakeFiles/cmTC_02a7b.dir/CheckFunctionExists.c.o  -o cmTC_02a7b -rdynamic -lpthreads 
/usr/bin/ld : ne peut trouver -lpthreads
collect2: error: ld returned 1 exit status
CMakeFiles/cmTC_02a7b.dir/build.make:97 : la recette pour la cible « cmTC_02a7b » a échouée
make[1]: *** [cmTC_02a7b] Erreur 1
make[1] : on quitte le répertoire « /home/student/ros_project_bebop/catkin_ws/build/mavros_extras/CMakeFiles/CMakeTmp »
Makefile:126 : la recette pour la cible « cmTC_02a7b/fast » a échouée
make: *** [cmTC_02a7b/fast] Erreur 2


