Symlinking /home/student/Documents/ros_project_bebop/catkin_ws/devel/bin/hil_plugin
Symlinking /home/student/Documents/ros_project_bebop/catkin_ws/devel/bin/cmake.lock
Symlinking /home/student/Documents/ros_project_bebop/catkin_ws/devel/share/rqt_rotors/cmake/rqt_rotorsConfig-version.cmake
Symlinking /home/student/Documents/ros_project_bebop/catkin_ws/devel/share/rqt_rotors/cmake/rqt_rotorsConfig.cmake
Symlinking /home/student/Documents/ros_project_bebop/catkin_ws/devel/lib/python2.7/dist-packages/rqt_rotors/__init__.py
Symlinking /home/student/Documents/ros_project_bebop/catkin_ws/devel/lib/pkgconfig/rqt_rotors.pc
Cleaning: (/home/student/ros_project_bebop/catkin_ws/devel/.private/rqt_rotors/cmake.lock, /home/student/ros_project_bebop/catkin_ws/devel/./cmake.lock)
Cleaning: (/home/student/ros_project_bebop/catkin_ws/devel/.private/rqt_rotors/bin/hil_plugin, /home/student/ros_project_bebop/catkin_ws/devel/bin/hil_plugin)
Cleaning: (/home/student/ros_project_bebop/catkin_ws/devel/.private/rqt_rotors/bin/cmake.lock, /home/student/ros_project_bebop/catkin_ws/devel/bin/cmake.lock)
Cleaning: (/home/student/ros_project_bebop/catkin_ws/devel/.private/rqt_rotors/share/rqt_rotors/cmake/rqt_rotorsConfig-version.cmake, /home/student/ros_project_bebop/catkin_ws/devel/share/rqt_rotors/cmake/rqt_rotorsConfig-version.cmake)
Cleaning: (/home/student/ros_project_bebop/catkin_ws/devel/.private/rqt_rotors/share/rqt_rotors/cmake/rqt_rotorsConfig.cmake, /home/student/ros_project_bebop/catkin_ws/devel/share/rqt_rotors/cmake/rqt_rotorsConfig.cmake)
Cleaning: (/home/student/ros_project_bebop/catkin_ws/devel/.private/rqt_rotors/lib/python2.7/dist-packages/rqt_rotors/__init__.py, /home/student/ros_project_bebop/catkin_ws/devel/lib/python2.7/dist-packages/rqt_rotors/__init__.py)
Cleaning: (/home/student/ros_project_bebop/catkin_ws/devel/.private/rqt_rotors/lib/pkgconfig/rqt_rotors.pc, /home/student/ros_project_bebop/catkin_ws/devel/lib/pkgconfig/rqt_rotors.pc)
Unlinking: /home/student/ros_project_bebop/catkin_ws/devel/bin/hil_plugin
Already unlinked: {}
Unlinking: /home/student/ros_project_bebop/catkin_ws/devel/bin/cmake.lock
Already unlinked: {}
Unlinking: /home/student/ros_project_bebop/catkin_ws/devel/share/rqt_rotors/cmake/rqt_rotorsConfig-version.cmake
Already unlinked: {}
Unlinking: /home/student/ros_project_bebop/catkin_ws/devel/share/rqt_rotors/cmake/rqt_rotorsConfig.cmake
Already unlinked: {}
Unlinking: /home/student/ros_project_bebop/catkin_ws/devel/lib/python2.7/dist-packages/rqt_rotors/__init__.py
Already unlinked: {}
Unlinking: /home/student/ros_project_bebop/catkin_ws/devel/lib/pkgconfig/rqt_rotors.pc
Already unlinked: {}
