Symlinking /home/student/Documents/ros_project_bebop/catkin_ws/devel/share/mavros_extras/cmake/mavros_extrasConfig.cmake
Symlinking /home/student/Documents/ros_project_bebop/catkin_ws/devel/share/mavros_extras/cmake/mavros_extrasConfig-version.cmake
Symlinking /home/student/Documents/ros_project_bebop/catkin_ws/devel/lib/libmavros_extras.so
Symlinking /home/student/Documents/ros_project_bebop/catkin_ws/devel/lib/mavros_extras/copter_visualization
Symlinking /home/student/Documents/ros_project_bebop/catkin_ws/devel/lib/mavros_extras/servo_state_publisher
Symlinking /home/student/Documents/ros_project_bebop/catkin_ws/devel/lib/mavros_extras/gcs_image_bridge
Symlinking /home/student/Documents/ros_project_bebop/catkin_ws/devel/lib/pkgconfig/mavros_extras.pc
Cleaning: (/home/student/ros_project_bebop/catkin_ws/devel/.private/mavros_extras/cmake.lock, /home/student/ros_project_bebop/catkin_ws/devel/./cmake.lock)
Cleaning: (/home/student/ros_project_bebop/catkin_ws/devel/.private/mavros_extras/share/mavros_extras/cmake/mavros_extrasConfig.cmake, /home/student/ros_project_bebop/catkin_ws/devel/share/mavros_extras/cmake/mavros_extrasConfig.cmake)
Cleaning: (/home/student/ros_project_bebop/catkin_ws/devel/.private/mavros_extras/share/mavros_extras/cmake/mavros_extrasConfig-version.cmake, /home/student/ros_project_bebop/catkin_ws/devel/share/mavros_extras/cmake/mavros_extrasConfig-version.cmake)
Cleaning: (/home/student/ros_project_bebop/catkin_ws/devel/.private/mavros_extras/lib/libmavros_extras.so, /home/student/ros_project_bebop/catkin_ws/devel/lib/libmavros_extras.so)
Cleaning: (/home/student/ros_project_bebop/catkin_ws/devel/.private/mavros_extras/lib/mavros_extras/copter_visualization, /home/student/ros_project_bebop/catkin_ws/devel/lib/mavros_extras/copter_visualization)
Cleaning: (/home/student/ros_project_bebop/catkin_ws/devel/.private/mavros_extras/lib/mavros_extras/servo_state_publisher, /home/student/ros_project_bebop/catkin_ws/devel/lib/mavros_extras/servo_state_publisher)
Cleaning: (/home/student/ros_project_bebop/catkin_ws/devel/.private/mavros_extras/lib/mavros_extras/gcs_image_bridge, /home/student/ros_project_bebop/catkin_ws/devel/lib/mavros_extras/gcs_image_bridge)
Cleaning: (/home/student/ros_project_bebop/catkin_ws/devel/.private/mavros_extras/lib/pkgconfig/mavros_extras.pc, /home/student/ros_project_bebop/catkin_ws/devel/lib/pkgconfig/mavros_extras.pc)
Unlinking: /home/student/ros_project_bebop/catkin_ws/devel/share/mavros_extras/cmake/mavros_extrasConfig.cmake
Already unlinked: {}
Unlinking: /home/student/ros_project_bebop/catkin_ws/devel/share/mavros_extras/cmake/mavros_extrasConfig-version.cmake
Already unlinked: {}
Unlinking: /home/student/ros_project_bebop/catkin_ws/devel/lib/libmavros_extras.so
Already unlinked: {}
Unlinking: /home/student/ros_project_bebop/catkin_ws/devel/lib/mavros_extras/copter_visualization
Already unlinked: {}
Unlinking: /home/student/ros_project_bebop/catkin_ws/devel/lib/mavros_extras/servo_state_publisher
Already unlinked: {}
Unlinking: /home/student/ros_project_bebop/catkin_ws/devel/lib/mavros_extras/gcs_image_bridge
Already unlinked: {}
Unlinking: /home/student/ros_project_bebop/catkin_ws/devel/lib/pkgconfig/mavros_extras.pc
Already unlinked: {}
