Symlinking /home/student/Documents/ros_project_bebop/catkin_ws/devel/share/rotors_control/cmake/rotors_controlConfig-version.cmake
Symlinking /home/student/Documents/ros_project_bebop/catkin_ws/devel/share/rotors_control/cmake/rotors_controlConfig.cmake
Symlinking /home/student/Documents/ros_project_bebop/catkin_ws/devel/lib/libroll_pitch_yawrate_thrust_controller.so
Symlinking /home/student/Documents/ros_project_bebop/catkin_ws/devel/lib/liblee_position_controller.so
Symlinking /home/student/Documents/ros_project_bebop/catkin_ws/devel/lib/rotors_control/lee_position_controller_node
Symlinking /home/student/Documents/ros_project_bebop/catkin_ws/devel/lib/rotors_control/roll_pitch_yawrate_thrust_controller_node
Symlinking /home/student/Documents/ros_project_bebop/catkin_ws/devel/lib/pkgconfig/rotors_control.pc
Cleaning: (/home/student/ros_project_bebop/catkin_ws/devel/.private/rotors_control/cmake.lock, /home/student/ros_project_bebop/catkin_ws/devel/./cmake.lock)
Cleaning: (/home/student/ros_project_bebop/catkin_ws/devel/.private/rotors_control/share/rotors_control/cmake/rotors_controlConfig-version.cmake, /home/student/ros_project_bebop/catkin_ws/devel/share/rotors_control/cmake/rotors_controlConfig-version.cmake)
Cleaning: (/home/student/ros_project_bebop/catkin_ws/devel/.private/rotors_control/share/rotors_control/cmake/rotors_controlConfig.cmake, /home/student/ros_project_bebop/catkin_ws/devel/share/rotors_control/cmake/rotors_controlConfig.cmake)
Cleaning: (/home/student/ros_project_bebop/catkin_ws/devel/.private/rotors_control/lib/libroll_pitch_yawrate_thrust_controller.so, /home/student/ros_project_bebop/catkin_ws/devel/lib/libroll_pitch_yawrate_thrust_controller.so)
Cleaning: (/home/student/ros_project_bebop/catkin_ws/devel/.private/rotors_control/lib/liblee_position_controller.so, /home/student/ros_project_bebop/catkin_ws/devel/lib/liblee_position_controller.so)
Cleaning: (/home/student/ros_project_bebop/catkin_ws/devel/.private/rotors_control/lib/rotors_control/lee_position_controller_node, /home/student/ros_project_bebop/catkin_ws/devel/lib/rotors_control/lee_position_controller_node)
Cleaning: (/home/student/ros_project_bebop/catkin_ws/devel/.private/rotors_control/lib/rotors_control/roll_pitch_yawrate_thrust_controller_node, /home/student/ros_project_bebop/catkin_ws/devel/lib/rotors_control/roll_pitch_yawrate_thrust_controller_node)
Cleaning: (/home/student/ros_project_bebop/catkin_ws/devel/.private/rotors_control/lib/pkgconfig/rotors_control.pc, /home/student/ros_project_bebop/catkin_ws/devel/lib/pkgconfig/rotors_control.pc)
Unlinking: /home/student/ros_project_bebop/catkin_ws/devel/share/rotors_control/cmake/rotors_controlConfig-version.cmake
Already unlinked: {}
Unlinking: /home/student/ros_project_bebop/catkin_ws/devel/share/rotors_control/cmake/rotors_controlConfig.cmake
Already unlinked: {}
Unlinking: /home/student/ros_project_bebop/catkin_ws/devel/lib/libroll_pitch_yawrate_thrust_controller.so
Already unlinked: {}
Unlinking: /home/student/ros_project_bebop/catkin_ws/devel/lib/liblee_position_controller.so
Already unlinked: {}
Unlinking: /home/student/ros_project_bebop/catkin_ws/devel/lib/rotors_control/lee_position_controller_node
Already unlinked: {}
Unlinking: /home/student/ros_project_bebop/catkin_ws/devel/lib/rotors_control/roll_pitch_yawrate_thrust_controller_node
Already unlinked: {}
Unlinking: /home/student/ros_project_bebop/catkin_ws/devel/lib/pkgconfig/rotors_control.pc
Already unlinked: {}
