Symlinking /home/student/Documents/ros_project_bebop/catkin_ws/devel/share/mavros/cmake/mavrosConfig.cmake
Symlinking /home/student/Documents/ros_project_bebop/catkin_ws/devel/share/mavros/cmake/mavrosConfig-version.cmake
Symlinking /home/student/Documents/ros_project_bebop/catkin_ws/devel/lib/libmavros_plugins.so
Symlinking /home/student/Documents/ros_project_bebop/catkin_ws/devel/lib/libmavros.so
Symlinking /home/student/Documents/ros_project_bebop/catkin_ws/devel/lib/python2.7/dist-packages/mavros/__init__.py
Symlinking /home/student/Documents/ros_project_bebop/catkin_ws/devel/lib/mavros/mavros_node
Symlinking /home/student/Documents/ros_project_bebop/catkin_ws/devel/lib/mavros/gcs_bridge
Symlinking /home/student/Documents/ros_project_bebop/catkin_ws/devel/lib/pkgconfig/mavros.pc
Cleaning: (/home/student/ros_project_bebop/catkin_ws/devel/.private/mavros/cmake.lock, /home/student/ros_project_bebop/catkin_ws/devel/./cmake.lock)
Cleaning: (/home/student/ros_project_bebop/catkin_ws/devel/.private/mavros/share/mavros/cmake/mavrosConfig.cmake, /home/student/ros_project_bebop/catkin_ws/devel/share/mavros/cmake/mavrosConfig.cmake)
Cleaning: (/home/student/ros_project_bebop/catkin_ws/devel/.private/mavros/share/mavros/cmake/mavrosConfig-version.cmake, /home/student/ros_project_bebop/catkin_ws/devel/share/mavros/cmake/mavrosConfig-version.cmake)
Cleaning: (/home/student/ros_project_bebop/catkin_ws/devel/.private/mavros/lib/libmavros_plugins.so, /home/student/ros_project_bebop/catkin_ws/devel/lib/libmavros_plugins.so)
Cleaning: (/home/student/ros_project_bebop/catkin_ws/devel/.private/mavros/lib/libmavros.so, /home/student/ros_project_bebop/catkin_ws/devel/lib/libmavros.so)
Cleaning: (/home/student/ros_project_bebop/catkin_ws/devel/.private/mavros/lib/python2.7/dist-packages/mavros/__init__.py, /home/student/ros_project_bebop/catkin_ws/devel/lib/python2.7/dist-packages/mavros/__init__.py)
Cleaning: (/home/student/ros_project_bebop/catkin_ws/devel/.private/mavros/lib/mavros/mavros_node, /home/student/ros_project_bebop/catkin_ws/devel/lib/mavros/mavros_node)
Cleaning: (/home/student/ros_project_bebop/catkin_ws/devel/.private/mavros/lib/mavros/gcs_bridge, /home/student/ros_project_bebop/catkin_ws/devel/lib/mavros/gcs_bridge)
Cleaning: (/home/student/ros_project_bebop/catkin_ws/devel/.private/mavros/lib/pkgconfig/mavros.pc, /home/student/ros_project_bebop/catkin_ws/devel/lib/pkgconfig/mavros.pc)
Unlinking: /home/student/ros_project_bebop/catkin_ws/devel/share/mavros/cmake/mavrosConfig.cmake
Already unlinked: {}
Unlinking: /home/student/ros_project_bebop/catkin_ws/devel/share/mavros/cmake/mavrosConfig-version.cmake
Already unlinked: {}
Unlinking: /home/student/ros_project_bebop/catkin_ws/devel/lib/libmavros_plugins.so
Already unlinked: {}
Unlinking: /home/student/ros_project_bebop/catkin_ws/devel/lib/libmavros.so
Already unlinked: {}
Unlinking: /home/student/ros_project_bebop/catkin_ws/devel/lib/python2.7/dist-packages/mavros/__init__.py
Already unlinked: {}
Unlinking: /home/student/ros_project_bebop/catkin_ws/devel/lib/mavros/mavros_node
Already unlinked: {}
Unlinking: /home/student/ros_project_bebop/catkin_ws/devel/lib/mavros/gcs_bridge
Already unlinked: {}
Unlinking: /home/student/ros_project_bebop/catkin_ws/devel/lib/pkgconfig/mavros.pc
Already unlinked: {}
