Determining if the pthread_create exist failed with the following output:
Change Dir: /home/student/ros_project_bebop/catkin_ws/build/planning_msgs/CMakeFiles/CMakeTmp

Run Build Command:"/usr/bin/make" "cmTC_26455/fast"
/usr/bin/make -f CMakeFiles/cmTC_26455.dir/build.make CMakeFiles/cmTC_26455.dir/build
make[1] : on entre dans le répertoire « /home/student/ros_project_bebop/catkin_ws/build/planning_msgs/CMakeFiles/CMakeTmp »
Building C object CMakeFiles/cmTC_26455.dir/CheckSymbolExists.c.o
/usr/bin/cc     -o CMakeFiles/cmTC_26455.dir/CheckSymbolExists.c.o   -c /home/student/ros_project_bebop/catkin_ws/build/planning_msgs/CMakeFiles/CMakeTmp/CheckSymbolExists.c
Linking C executable cmTC_26455
/usr/bin/cmake -E cmake_link_script CMakeFiles/cmTC_26455.dir/link.txt --verbose=1
/usr/bin/cc       CMakeFiles/cmTC_26455.dir/CheckSymbolExists.c.o  -o cmTC_26455 -rdynamic 
CMakeFiles/cmTC_26455.dir/CheckSymbolExists.c.o : Dans la fonction « main » :
CheckSymbolExists.c:(.text+0x16) : référence indéfinie vers « pthread_create »
collect2: error: ld returned 1 exit status
CMakeFiles/cmTC_26455.dir/build.make:97 : la recette pour la cible « cmTC_26455 » a échouée
make[1]: *** [cmTC_26455] Erreur 1
make[1] : on quitte le répertoire « /home/student/ros_project_bebop/catkin_ws/build/planning_msgs/CMakeFiles/CMakeTmp »
Makefile:126 : la recette pour la cible « cmTC_26455/fast » a échouée
make: *** [cmTC_26455/fast] Erreur 2

File /home/student/ros_project_bebop/catkin_ws/build/planning_msgs/CMakeFiles/CMakeTmp/CheckSymbolExists.c:
/* */
#include <pthread.h>

int main(int argc, char** argv)
{
  (void)argv;
#ifndef pthread_create
  return ((int*)(&pthread_create))[argc];
#else
  (void)argc;
  return 0;
#endif
}

Determining if the function pthread_create exists in the pthreads failed with the following output:
Change Dir: /home/student/ros_project_bebop/catkin_ws/build/planning_msgs/CMakeFiles/CMakeTmp

Run Build Command:"/usr/bin/make" "cmTC_030ff/fast"
/usr/bin/make -f CMakeFiles/cmTC_030ff.dir/build.make CMakeFiles/cmTC_030ff.dir/build
make[1] : on entre dans le répertoire « /home/student/ros_project_bebop/catkin_ws/build/planning_msgs/CMakeFiles/CMakeTmp »
Building C object CMakeFiles/cmTC_030ff.dir/CheckFunctionExists.c.o
/usr/bin/cc    -DCHECK_FUNCTION_EXISTS=pthread_create   -o CMakeFiles/cmTC_030ff.dir/CheckFunctionExists.c.o   -c /usr/share/cmake-3.5/Modules/CheckFunctionExists.c
Linking C executable cmTC_030ff
/usr/bin/cmake -E cmake_link_script CMakeFiles/cmTC_030ff.dir/link.txt --verbose=1
/usr/bin/cc   -DCHECK_FUNCTION_EXISTS=pthread_create    CMakeFiles/cmTC_030ff.dir/CheckFunctionExists.c.o  -o cmTC_030ff -rdynamic -lpthreads 
/usr/bin/ld : ne peut trouver -lpthreads
collect2: error: ld returned 1 exit status
CMakeFiles/cmTC_030ff.dir/build.make:97 : la recette pour la cible « cmTC_030ff » a échouée
make[1]: *** [cmTC_030ff] Erreur 1
make[1] : on quitte le répertoire « /home/student/ros_project_bebop/catkin_ws/build/planning_msgs/CMakeFiles/CMakeTmp »
Makefile:126 : la recette pour la cible « cmTC_030ff/fast » a échouée
make: *** [cmTC_030ff/fast] Erreur 2


