Determining if the pthread_create exist failed with the following output:
Change Dir: /home/student/Documents/ros_project_bebop/catkin_ws/build/joy/CMakeFiles/CMakeTmp

Run Build Command:"/usr/bin/make" "cmTC_df91e/fast"
/usr/bin/make -f CMakeFiles/cmTC_df91e.dir/build.make CMakeFiles/cmTC_df91e.dir/build
make[1] : on entre dans le répertoire « /home/student/Documents/ros_project_bebop/catkin_ws/build/joy/CMakeFiles/CMakeTmp »
Building C object CMakeFiles/cmTC_df91e.dir/CheckSymbolExists.c.o
/usr/bin/cc     -o CMakeFiles/cmTC_df91e.dir/CheckSymbolExists.c.o   -c /home/student/Documents/ros_project_bebop/catkin_ws/build/joy/CMakeFiles/CMakeTmp/CheckSymbolExists.c
Linking C executable cmTC_df91e
/usr/bin/cmake -E cmake_link_script CMakeFiles/cmTC_df91e.dir/link.txt --verbose=1
/usr/bin/cc       CMakeFiles/cmTC_df91e.dir/CheckSymbolExists.c.o  -o cmTC_df91e -rdynamic 
CMakeFiles/cmTC_df91e.dir/CheckSymbolExists.c.o : Dans la fonction « main » :
CheckSymbolExists.c:(.text+0x16) : référence indéfinie vers « pthread_create »
collect2: error: ld returned 1 exit status
CMakeFiles/cmTC_df91e.dir/build.make:97 : la recette pour la cible « cmTC_df91e » a échouée
make[1]: *** [cmTC_df91e] Erreur 1
make[1] : on quitte le répertoire « /home/student/Documents/ros_project_bebop/catkin_ws/build/joy/CMakeFiles/CMakeTmp »
Makefile:126 : la recette pour la cible « cmTC_df91e/fast » a échouée
make: *** [cmTC_df91e/fast] Erreur 2

File /home/student/Documents/ros_project_bebop/catkin_ws/build/joy/CMakeFiles/CMakeTmp/CheckSymbolExists.c:
/* */
#include <pthread.h>

int main(int argc, char** argv)
{
  (void)argv;
#ifndef pthread_create
  return ((int*)(&pthread_create))[argc];
#else
  (void)argc;
  return 0;
#endif
}

Determining if the function pthread_create exists in the pthreads failed with the following output:
Change Dir: /home/student/Documents/ros_project_bebop/catkin_ws/build/joy/CMakeFiles/CMakeTmp

Run Build Command:"/usr/bin/make" "cmTC_18c61/fast"
/usr/bin/make -f CMakeFiles/cmTC_18c61.dir/build.make CMakeFiles/cmTC_18c61.dir/build
make[1] : on entre dans le répertoire « /home/student/Documents/ros_project_bebop/catkin_ws/build/joy/CMakeFiles/CMakeTmp »
Building C object CMakeFiles/cmTC_18c61.dir/CheckFunctionExists.c.o
/usr/bin/cc    -DCHECK_FUNCTION_EXISTS=pthread_create   -o CMakeFiles/cmTC_18c61.dir/CheckFunctionExists.c.o   -c /usr/share/cmake-3.5/Modules/CheckFunctionExists.c
Linking C executable cmTC_18c61
/usr/bin/cmake -E cmake_link_script CMakeFiles/cmTC_18c61.dir/link.txt --verbose=1
/usr/bin/cc   -DCHECK_FUNCTION_EXISTS=pthread_create    CMakeFiles/cmTC_18c61.dir/CheckFunctionExists.c.o  -o cmTC_18c61 -rdynamic -lpthreads 
/usr/bin/ld : ne peut trouver -lpthreads
collect2: error: ld returned 1 exit status
CMakeFiles/cmTC_18c61.dir/build.make:97 : la recette pour la cible « cmTC_18c61 » a échouée
make[1]: *** [cmTC_18c61] Erreur 1
make[1] : on quitte le répertoire « /home/student/Documents/ros_project_bebop/catkin_ws/build/joy/CMakeFiles/CMakeTmp »
Makefile:126 : la recette pour la cible « cmTC_18c61/fast » a échouée
make: *** [cmTC_18c61/fast] Erreur 2


